{"name":"ajit102"}
{"name":"ajit102"}
{"name":"ajit102"}
{"name":"ajit102222"}
{"name":"ajit102"}
{"name":"[ajit]"}
{"name":"[ajit]"}
{"name":"[ajit]"}
{"name":"[ajit]"}
{"name":"[ajit]"}
{"name":"ajit102"}
{"name":"ajit102"}
{"name":"ajit102"}
{"logType":"DATErrorIdentityLog","vinDat":"VSSDATTESTSTUB001","customerId":"99","customerType":"private","username":"test"}
{"logType":"DATCachedIdentityLog","vinDat":"VSSDATTESTSTUB001","customerId":"99","customerType":"private","username":"test"}
{"logType":"ECodeIdentityLog","vinDat":"VSSDATTESTSTUB001","customerId":"99","customerType":"private","username":"test","ecode":"017900820080008"}
{"logType":"DATCachedIdentityLog","vinDat":"VSSDATTESTSTUB001","customerId":"99","customerType":"private","username":"test"}
{"logType":"ECodeIdentityLog","vinDat":"VSSDATTESTSTUB001","customerId":"99","customerType":"private","username":"test","ecode":"017900820080008"}
{"logType":"CatalogErrorIdentityLog","vinDat":"VSSDATTESTSTUB001","customerId":"99","customerType":"private","username":"test"}
{"logType":"DATCachedIdentityLog","vinDat":"VSSDATTESTSTUB001","customerId":"99","customerType":"private","username":"test"}
{"logType":"ECodeIdentityLog","vinDat":"VSSDATTESTSTUB001","customerId":"99","customerType":"private","username":"test","ecode":"017900820080008"}
{"logType":"CatalogErrorIdentityLog","vinDat":"VSSDATTESTSTUB001","customerId":"99","customerType":"private","username":"test"}
