2017-02-22T15:15:35Z	fluent.info	{"worker":0,"message":"fluentd worker is now running worker=0"}
2017-02-22T15:16:40Z	mx.text	{"name":"ajit"}
2017-02-22T15:16:40Z	my.json	{"name":"ajit"}
2017-02-22T15:16:40Z	fluent.info	{"message":"detected rotation of ./app.log"}
2017-02-22T15:16:40Z	fluent.info	{"message":"following tail of ./app.log"}
2017-02-22T15:16:40Z	fluent.warn	{"message":"pattern not match: \"\""}
2017-02-22T15:16:40Z	fluent.info	{"message":"detected rotation of ./app.log"}
2017-02-22T15:16:40Z	fluent.info	{"message":"following tail of ./app.log"}
2017-02-22T15:16:40Z	fluent.warn	{"message":"pattern not match: \"\""}
2017-02-22T15:16:58Z	fluent.warn	{"message":"pattern not match: \"\\\"name\\\":\\\"ajit1\\\"}\""}
2017-02-22T15:16:58Z	fluent.warn	{"message":"pattern not match: \"\""}
2017-02-22T15:16:58Z	fluent.warn	{"message":"pattern not match: \"\\\"name\\\":\\\"ajit1\\\"}\""}
2017-02-22T15:16:58Z	fluent.warn	{"message":"pattern not match: \"\""}
2017-02-22T15:17:09Z	fluent.info	{"message":"detected rotation of ./app.log"}
2017-02-22T15:17:09Z	fluent.info	{"message":"detected rotation of ./app.log"}
2017-02-22T15:17:09Z	fluent.info	{"message":"following tail of ./app.log"}
2017-02-22T15:17:09Z	fluent.info	{"message":"following tail of ./app.log"}
2017-02-22T15:17:09Z	fluent.warn	{"message":"pattern not match: \"\""}
2017-02-22T15:17:09Z	fluent.warn	{"message":"pattern not match: \"\""}
2017-02-22T15:17:09Z	fluent.warn	{"message":"pattern not match: \"\""}
2017-02-22T15:17:09Z	fluent.warn	{"message":"pattern not match: \"\""}
2017-02-22T15:17:22Z	fluent.warn	{"message":"pattern not match: \"name\\\":\\\"ajit1\\\"}\""}
2017-02-22T15:17:22Z	fluent.warn	{"message":"pattern not match: \"name\\\":\\\"ajit1\\\"}\""}
2017-02-22T15:18:09Z	fluent.info	{"worker":0,"message":"fluentd worker is now stopping worker=0"}
2017-02-22T15:18:12Z	fluent.info	{"worker":0,"message":"fluentd worker is now running worker=0"}
2017-02-22T15:18:33Z	mx.text	{"name":"ajit"}
2017-02-22T15:18:33Z	my.json	{"name":"ajit"}
2017-02-22T15:18:38Z	fluent.warn	{"message":"pattern not match: \"\""}
2017-02-22T15:18:38Z	fluent.warn	{"message":"pattern not match: \"\""}
2017-02-22T15:18:48Z	fluent.warn	{"message":"pattern not match: \"\\\"name\\\":\\\"ajit2\\\"}\""}
2017-02-22T15:18:48Z	fluent.warn	{"message":"pattern not match: \"\\\"name\\\":\\\"ajit2\\\"}\""}
2017-02-22T15:18:56Z	mx.text	{"name":"ajit11"}
2017-02-22T15:18:56Z	my.json	{"name":"ajit11"}
2017-02-22T15:19:28Z	mx.text	{"name":"ajit1111"}
2017-02-22T15:19:28Z	my.json	{"name":"ajit1111"}
2017-02-22T15:20:29Z	fluent.info	{"worker":0,"message":"fluentd worker is now stopping worker=0"}
2017-02-22T15:21:45Z	fluent.info	{"worker":0,"message":"fluentd worker is now running worker=0"}
2017-02-22T15:22:01Z	mx.text	{"name":"ajit1151"}
2017-02-22T15:22:01Z	#{name}	{"name":"ajit1151"}
2017-02-22T15:22:07Z	fluent.warn	{"message":"pattern not match: \"\""}
2017-02-22T15:22:07Z	fluent.warn	{"message":"pattern not match: \"\""}
2017-02-22T15:22:16Z	fluent.warn	{"message":"pattern not match: \"\\\"name\\\":\\\"ajit1111\\\"}\""}
2017-02-22T15:22:16Z	fluent.warn	{"message":"pattern not match: \"\""}
2017-02-22T15:22:16Z	fluent.warn	{"message":"pattern not match: \"\\\"name\\\":\\\"ajit1111\\\"}\""}
2017-02-22T15:22:16Z	fluent.warn	{"message":"pattern not match: \"\""}
2017-02-22T15:22:25Z	fluent.warn	{"message":"pattern not match: \"\\\"name\\\":\\\"ajit1151\\\"}\""}
2017-02-22T15:22:25Z	fluent.warn	{"message":"pattern not match: \"\""}
2017-02-22T15:22:25Z	fluent.warn	{"message":"pattern not match: \"\\\"name\\\":\\\"ajit1151\\\"}\""}
2017-02-22T15:22:25Z	fluent.warn	{"message":"pattern not match: \"\""}
2017-02-22T15:22:33Z	fluent.warn	{"message":"pattern not match: \"\""}
2017-02-22T15:22:33Z	fluent.warn	{"message":"pattern not match: \"\""}
2017-02-22T15:22:44Z	fluent.warn	{"message":"pattern not match: \"name\\\":\\\"ajit1151\\\"}\""}
2017-02-22T15:22:44Z	fluent.warn	{"message":"pattern not match: \"\""}
2017-02-22T15:22:44Z	fluent.warn	{"message":"pattern not match: \"\""}
2017-02-22T15:22:44Z	fluent.warn	{"message":"pattern not match: \"name\\\":\\\"ajit1151\\\"}\""}
2017-02-22T15:22:44Z	fluent.warn	{"message":"pattern not match: \"\""}
2017-02-22T15:22:44Z	fluent.warn	{"message":"pattern not match: \"\""}
2017-02-22T15:22:48Z	fluent.warn	{"message":"pattern not match: \"\\\"name\\\":\\\"ajit1151\\\"}\""}
2017-02-22T15:22:48Z	fluent.warn	{"message":"pattern not match: \"\""}
2017-02-22T15:22:48Z	fluent.warn	{"message":"pattern not match: \"\\\"name\\\":\\\"ajit1151\\\"}\""}
2017-02-22T15:22:48Z	fluent.warn	{"message":"pattern not match: \"\""}
2017-02-22T15:22:50Z	mx.text	{"name":"ajit1"}
2017-02-22T15:22:50Z	mx.text	{"name":"ajit"}
2017-02-22T15:22:50Z	mx.text	{"name":"ajit2"}
2017-02-22T15:22:50Z	mx.text	{"name":"ajit11"}
2017-02-22T15:22:50Z	mx.text	{"name":"ajit1111"}
2017-02-22T15:22:50Z	mx.text	{"name":"ajit1151"}
2017-02-22T15:22:50Z	mx.text	{"name":"ajit1111"}
2017-02-22T15:22:50Z	mx.text	{"name":"ajit1151"}
2017-02-22T15:22:50Z	mx.text	{"name":"ajit1151"}
2017-02-22T15:22:50Z	mx.text	{"name":"ajit1151"}
2017-02-22T15:22:50Z	#{name}	{"name":"ajit1"}
2017-02-22T15:22:50Z	#{name}	{"name":"ajit"}
2017-02-22T15:22:50Z	#{name}	{"name":"ajit2"}
2017-02-22T15:22:50Z	#{name}	{"name":"ajit11"}
2017-02-22T15:22:50Z	#{name}	{"name":"ajit1111"}
2017-02-22T15:22:50Z	#{name}	{"name":"ajit1151"}
2017-02-22T15:22:50Z	#{name}	{"name":"ajit1111"}
2017-02-22T15:22:50Z	#{name}	{"name":"ajit1151"}
2017-02-22T15:22:50Z	#{name}	{"name":"ajit1151"}
2017-02-22T15:22:50Z	#{name}	{"name":"ajit1151"}
2017-02-22T15:22:50Z	fluent.info	{"message":"detected rotation of ./app.log"}
2017-02-22T15:22:50Z	fluent.info	{"message":"following tail of ./app.log"}
2017-02-22T15:22:50Z	fluent.warn	{"message":"pattern not match: \"\""}
2017-02-22T15:22:50Z	fluent.info	{"message":"detected rotation of ./app.log"}
2017-02-22T15:22:50Z	fluent.info	{"message":"following tail of ./app.log"}
2017-02-22T15:22:50Z	fluent.warn	{"message":"pattern not match: \"\""}
2017-02-22T15:24:56Z	fluent.info	{"worker":0,"message":"fluentd worker is now stopping worker=0"}
2017-02-22T15:26:43Z	fluent.info	{"worker":0,"message":"fluentd worker is now running worker=0"}
2017-02-22T15:26:56Z	fluent.warn	{"message":"pattern not match: \"\\\"name\\\":\\\"ajit9\\\"}\""}
2017-02-22T15:26:56Z	fluent.warn	{"message":"pattern not match: \"\""}
2017-02-22T15:26:56Z	fluent.warn	{"message":"pattern not match: \"\""}
2017-02-22T15:26:56Z	fluent.warn	{"message":"pattern not match: \"\\\"name\\\":\\\"ajit9\\\"}\""}
2017-02-22T15:26:56Z	fluent.warn	{"message":"pattern not match: \"\""}
2017-02-22T15:26:56Z	fluent.warn	{"message":"pattern not match: \"\""}
2017-02-22T15:27:13Z	fluent.warn	{"message":"pattern not match: \"name\\\":\\\"ajit9\\\"}\""}
2017-02-22T15:27:13Z	fluent.warn	{"message":"pattern not match: \"\""}
2017-02-22T15:27:13Z	fluent.warn	{"message":"pattern not match: \"\""}
2017-02-22T15:27:13Z	fluent.warn	{"message":"pattern not match: \"\""}
2017-02-22T15:27:13Z	fluent.warn	{"message":"pattern not match: \"name\\\":\\\"ajit9\\\"}\""}
2017-02-22T15:27:13Z	fluent.warn	{"message":"pattern not match: \"\""}
2017-02-22T15:27:13Z	fluent.warn	{"message":"pattern not match: \"\""}
2017-02-22T15:27:13Z	fluent.warn	{"message":"pattern not match: \"\""}
2017-02-22T15:27:18Z	fluent.warn	{"message":"pattern not match: \"\""}
2017-02-22T15:27:18Z	fluent.warn	{"message":"pattern not match: \"\""}
2017-02-22T15:27:20Z	mx.text	{"name":"ajit1"}
2017-02-22T15:27:20Z	mx.text	{"name":"ajit"}
2017-02-22T15:27:20Z	mx.text	{"name":"ajit2"}
2017-02-22T15:27:20Z	mx.text	{"name":"ajit11"}
2017-02-22T15:27:20Z	mx.text	{"name":"ajit1111"}
2017-02-22T15:27:20Z	mx.text	{"name":"ajit1151"}
2017-02-22T15:27:20Z	mx.text	{"name":"ajit1111"}
2017-02-22T15:27:20Z	mx.text	{"name":"ajit1151"}
2017-02-22T15:27:20Z	mx.text	{"name":"ajit1151"}
2017-02-22T15:27:20Z	mx.text	{"name":"ajit1151"}
2017-02-22T15:27:20Z	mx.text	{"name":"ajit9"}
2017-02-22T15:27:20Z	mx.text	{"name":"ajit9"}
2017-02-22T15:27:20Z	${record.name}	{"name":"ajit1"}
2017-02-22T15:27:20Z	${record.name}	{"name":"ajit"}
2017-02-22T15:27:20Z	${record.name}	{"name":"ajit2"}
2017-02-22T15:27:20Z	${record.name}	{"name":"ajit11"}
2017-02-22T15:27:20Z	${record.name}	{"name":"ajit1111"}
2017-02-22T15:27:20Z	${record.name}	{"name":"ajit1151"}
2017-02-22T15:27:20Z	${record.name}	{"name":"ajit1111"}
2017-02-22T15:27:20Z	${record.name}	{"name":"ajit1151"}
2017-02-22T15:27:20Z	${record.name}	{"name":"ajit1151"}
2017-02-22T15:27:20Z	${record.name}	{"name":"ajit1151"}
2017-02-22T15:27:20Z	${record.name}	{"name":"ajit9"}
2017-02-22T15:27:20Z	${record.name}	{"name":"ajit9"}
2017-02-22T15:27:20Z	fluent.info	{"message":"detected rotation of ./app.log"}
2017-02-22T15:27:20Z	fluent.info	{"message":"following tail of ./app.log"}
2017-02-22T15:27:20Z	fluent.warn	{"message":"pattern not match: \"\""}
2017-02-22T15:27:20Z	fluent.warn	{"message":"pattern not match: \"\""}
2017-02-22T15:27:20Z	fluent.warn	{"message":"pattern not match: \"\""}
2017-02-22T15:27:20Z	fluent.info	{"message":"detected rotation of ./app.log"}
2017-02-22T15:27:20Z	fluent.info	{"message":"following tail of ./app.log"}
2017-02-22T15:27:20Z	fluent.warn	{"message":"pattern not match: \"\""}
2017-02-22T15:27:20Z	fluent.warn	{"message":"pattern not match: \"\""}
2017-02-22T15:27:20Z	fluent.warn	{"message":"pattern not match: \"\""}
2017-02-22T15:27:46Z	fluent.info	{"worker":0,"message":"fluentd worker is now stopping worker=0"}
2017-02-22T15:27:49Z	fluent.info	{"worker":0,"message":"fluentd worker is now running worker=0"}
2017-02-22T15:27:59Z	fluent.info	{"message":"detected rotation of ./app.log"}
2017-02-22T15:27:59Z	fluent.info	{"message":"following tail of ./app.log"}
2017-02-22T15:27:59Z	fluent.info	{"message":"detected rotation of ./app.log"}
2017-02-22T15:27:59Z	fluent.info	{"message":"following tail of ./app.log"}
2017-02-22T15:28:02Z	${name}	{"name":"ajit1"}
2017-02-22T15:28:02Z	mx.text	{"name":"ajit1"}
2017-02-22T15:30:58Z	fluent.info	{"worker":0,"message":"fluentd worker is now stopping worker=0"}
2017-02-22T15:32:08Z	fluent.info	{"worker":0,"message":"fluentd worker is now running worker=0"}
2017-02-22T15:32:17Z	fluent.info	{"message":"detected rotation of ./app.log"}
2017-02-22T15:32:17Z	fluent.info	{"message":"following tail of ./app.log"}
2017-02-22T15:32:17Z	fluent.info	{"message":"detected rotation of ./app.log"}
2017-02-22T15:32:17Z	fluent.info	{"message":"following tail of ./app.log"}
2017-02-22T15:32:20Z	mx.text	{"name":"ajit1"}
2017-02-22T15:32:20Z	asdn4051.as24.local	{"name":"ajit1"}
2017-02-22T15:33:09Z	fluent.info	{"worker":0,"message":"fluentd worker is now stopping worker=0"}
2017-02-22T15:33:27Z	fluent.info	{"worker":0,"message":"fluentd worker is now running worker=0"}
2017-02-22T15:33:32Z	fluent.info	{"message":"detected rotation of ./app.log"}
2017-02-22T15:33:32Z	fluent.info	{"message":"following tail of ./app.log"}
2017-02-22T15:33:32Z	fluent.info	{"message":"detected rotation of ./app.log"}
2017-02-22T15:33:32Z	fluent.info	{"message":"following tail of ./app.log"}
2017-02-22T15:33:34Z	mx.text	{"name":"ajit1"}
2017-02-22T15:33:34Z	${message}	{"name":"ajit1"}
2017-02-22T15:38:07Z	fluent.info	{"worker":0,"message":"fluentd worker is now stopping worker=0"}
2017-02-22T15:38:09Z	fluent.info	{"worker":0,"message":"fluentd worker is now running worker=0"}
2017-02-22T15:38:18Z	fluent.info	{"message":"detected rotation of ./app.log"}
2017-02-22T15:38:18Z	fluent.info	{"message":"following tail of ./app.log"}
2017-02-22T15:38:18Z	fluent.info	{"message":"detected rotation of ./app.log"}
2017-02-22T15:38:18Z	fluent.info	{"message":"following tail of ./app.log"}
2017-02-22T15:38:20Z	message	{"name":"ajit1"}
2017-02-22T15:38:20Z	my.text	{"name":"ajit1"}
2017-02-22T15:51:06Z	fluent.info	{"worker":0,"message":"fluentd worker is now stopping worker=0"}
2017-02-22T15:53:21Z	fluent.info	{"worker":0,"message":"fluentd worker is now running worker=0"}
2017-02-22T15:53:30Z	fluent.info	{"message":"detected rotation of ./app.log"}
2017-02-22T15:53:30Z	fluent.info	{"message":"following tail of ./app.log"}
2017-02-22T15:54:42Z	my.text	{"name":"ajit1"}
2017-02-22T15:55:24Z	fluent.info	{"message":"detected rotation of ./json.log"}
2017-02-22T15:55:24Z	fluent.info	{"message":"following tail of ./json.log"}
2017-02-22T15:55:43Z	my.text	{"name":"ajit2"}
2017-02-22T16:06:43Z	fluent.info	{"worker":0,"message":"fluentd worker is now stopping worker=0"}
2017-02-22T16:07:26Z	fluent.info	{"worker":0,"message":"fluentd worker is now running worker=0"}
2017-02-22T16:07:40Z	fluent.info	{"message":"detected rotation of ./app.log"}
2017-02-22T16:07:40Z	fluent.info	{"message":"following tail of ./app.log"}
2017-02-22T16:07:48Z	my.text	{"name":"ajit1"}
2017-02-22T16:09:32Z	my.text	{"name":"[ajit]"}
2017-02-22T16:10:44Z	fluent.info	{"worker":0,"message":"fluentd worker is now stopping worker=0"}
2017-02-22T16:10:46Z	fluent.info	{"worker":0,"message":"fluentd worker is now running worker=0"}
2017-02-22T16:10:57Z	fluent.info	{"message":"detected rotation of ./app.log"}
2017-02-22T16:10:57Z	fluent.info	{"message":"following tail of ./app.log"}
2017-02-22T16:10:57Z	fluent.warn	{"message":"pattern not match: \"\""}
2017-02-22T16:11:02Z	fluent.warn	{"message":"pattern not match: \"\\\"name\\\":\\\"ajit1\\\"}\""}
2017-02-22T16:11:02Z	fluent.warn	{"message":"pattern not match: \"\""}
2017-02-22T16:11:10Z	my.text	{"name":"[ajit]"}
2017-02-22T16:11:10Z	fluent.warn	{"message":"pattern not match: \"\\\"name\\\":\\\"ajit1\\\"}\""}
2017-02-22T16:11:12Z	fluent.warn	{"message":"pattern not match: \"\""}
2017-02-22T16:11:19Z	fluent.info	{"message":"detected rotation of ./app.log"}
2017-02-22T16:11:19Z	fluent.info	{"message":"following tail of ./app.log"}
2017-02-22T16:11:26Z	my.text	{"name":"[ajit]"}
2017-02-22T16:11:52Z	my.text	{"name":"[ajit]"}
2017-02-22T16:12:32Z	fluent.info	{"worker":0,"message":"fluentd worker is now stopping worker=0"}
2017-02-22T16:12:35Z	fluent.info	{"worker":0,"message":"fluentd worker is now running worker=0"}
2017-02-22T16:12:42Z	fluent.info	{"message":"detected rotation of ./app.log"}
2017-02-22T16:12:42Z	fluent.info	{"message":"following tail of ./app.log"}
2017-02-22T16:12:46Z	my.text	{"name":"[ajit]"}
2017-02-22T16:12:46Z	my.text	{"name":"[ajit]"}
2017-02-22T16:13:19Z	fluent.info	{"worker":0,"message":"fluentd worker is now stopping worker=0"}
2017-02-22T16:13:21Z	fluent.info	{"worker":0,"message":"fluentd worker is now running worker=0"}
2017-02-22T16:13:34Z	fluent.info	{"message":"detected rotation of ./app.log"}
2017-02-22T16:13:34Z	fluent.info	{"message":"following tail of ./app.log"}
2017-02-22T16:14:23Z	fluent.info	{"worker":0,"message":"fluentd worker is now stopping worker=0"}
2017-02-22T16:14:25Z	fluent.info	{"worker":0,"message":"fluentd worker is now running worker=0"}
2017-02-22T16:14:31Z	fluent.info	{"message":"detected rotation of ./app.log"}
2017-02-22T16:14:31Z	fluent.info	{"message":"following tail of ./app.log"}
2017-02-22T16:17:26Z	fluent.info	{"worker":0,"message":"fluentd worker is now stopping worker=0"}
2017-02-22T16:17:28Z	fluent.info	{"worker":0,"message":"fluentd worker is now running worker=0"}
2017-02-22T16:17:36Z	fluent.info	{"message":"detected rotation of ./app.log"}
2017-02-22T16:17:36Z	fluent.info	{"message":"following tail of ./app.log"}
2017-02-22T16:18:43Z	fluent.info	{"worker":0,"message":"fluentd worker is now stopping worker=0"}
2017-02-22T16:18:44Z	fluent.info	{"worker":0,"message":"fluentd worker is now running worker=0"}
2017-02-22T16:18:52Z	fluent.info	{"message":"detected rotation of ./app.log"}
2017-02-22T16:18:52Z	fluent.info	{"message":"following tail of ./app.log"}
2017-02-22T16:19:06Z	fluent.warn	{"message":"pattern not match: \"sad\""}
2017-02-22T16:19:45Z	fluent.info	{"worker":0,"message":"fluentd worker is now stopping worker=0"}
2017-02-22T16:19:47Z	fluent.info	{"worker":0,"message":"fluentd worker is now running worker=0"}
2017-02-22T16:20:01Z	fluent.info	{"message":"detected rotation of ./app.log"}
2017-02-22T16:20:01Z	fluent.info	{"message":"following tail of ./app.log"}
2017-02-22T16:20:12Z	fluent.warn	{"message":"pattern not match: \"fdsf\""}
2017-02-22T16:21:53Z	fluent.info	{"worker":0,"message":"fluentd worker is now stopping worker=0"}
2017-02-22T16:21:55Z	fluent.info	{"worker":0,"message":"fluentd worker is now running worker=0"}
2017-02-22T16:22:02Z	fluent.info	{"worker":0,"message":"fluentd worker is now stopping worker=0"}
2017-02-22T16:22:04Z	fluent.info	{"worker":0,"message":"fluentd worker is now running worker=0"}
2017-02-22T16:22:10Z	fluent.info	{"message":"detected rotation of ./app.log"}
2017-02-22T16:22:10Z	fluent.info	{"message":"following tail of ./app.log"}
2017-02-22T16:22:13Z	my.text	{"name":"[ajit]"}
2017-02-22T16:22:29Z	fluent.info	{"message":"detected rotation of ./json.log"}
2017-02-22T16:22:29Z	fluent.info	{"message":"following tail of ./json.log"}
2017-02-22T16:22:29Z	fluent.warn	{"message":"pattern not match: \"\""}
2017-02-22T16:23:20Z	fluent.warn	{"message":"pattern not match: \"\\\"name\\\":\\\"ajit1\\\"}\""}
2017-02-22T17:09:26Z	fluent.info	{"worker":0,"message":"fluentd worker is now stopping worker=0"}
