2017-02-23T00:54:18Z	fluent.info	{"worker":0,"message":"fluentd worker is now running worker=0"}
2017-02-23T00:55:42Z	fluent.info	{"worker":0,"message":"fluentd worker is now stopping worker=0"}
2017-02-23T00:55:46Z	fluent.info	{"worker":0,"message":"fluentd worker is now running worker=0"}
2017-02-23T00:56:10Z	fluent.info	{"worker":0,"message":"fluentd worker is now stopping worker=0"}
2017-02-23T00:56:13Z	fluent.info	{"worker":0,"message":"fluentd worker is now running worker=0"}
2017-02-23T00:56:22Z	fluent.info	{"worker":0,"message":"fluentd worker is now stopping worker=0"}
2017-02-23T00:56:24Z	fluent.info	{"worker":0,"message":"fluentd worker is now running worker=0"}
2017-02-23T00:56:43Z	fluent.info	{"worker":0,"message":"fluentd worker is now stopping worker=0"}
2017-02-23T00:56:46Z	fluent.info	{"worker":0,"message":"fluentd worker is now running worker=0"}
2017-02-23T00:56:56Z	fluent.info	{"message":"detected rotation of ./app.log"}
2017-02-23T00:56:56Z	fluent.info	{"message":"following tail of ./app.log"}
2017-02-23T00:57:46Z	my.text	{"name":"[ajit]"}
2017-02-23T00:58:16Z	fluent.info	{"message":"detected rotation of ./json.log"}
2017-02-23T00:58:16Z	fluent.info	{"message":"following tail of ./json.log"}
2017-02-23T01:09:14Z	fluent.info	{"message":"detected rotation of ./json.log"}
2017-02-23T01:09:14Z	fluent.info	{"message":"following tail of ./json.log"}
2017-02-23T01:10:28Z	fluent.info	{"worker":0,"message":"fluentd worker is now stopping worker=0"}
2017-02-23T01:10:55Z	fluent.info	{"worker":0,"message":"fluentd worker is now running worker=0"}
2017-02-23T01:15:18Z	fluent.info	{"worker":0,"message":"fluentd worker is now stopping worker=0"}
2017-02-23T01:15:38Z	fluent.info	{"worker":0,"message":"fluentd worker is now running worker=0"}
2017-02-23T01:16:38Z	fluent.info	{"message":"detected rotation of ./json.log"}
2017-02-23T01:16:38Z	fluent.info	{"message":"following tail of ./json.log"}
2017-02-23T01:17:09Z	fluent.info	{"worker":0,"message":"fluentd worker is now stopping worker=0"}
2017-02-23T01:17:12Z	fluent.info	{"worker":0,"message":"fluentd worker is now running worker=0"}
2017-02-23T01:18:01Z	fluent.info	{"worker":0,"message":"fluentd worker is now stopping worker=0"}
2017-02-23T01:19:00Z	fluent.info	{"worker":0,"message":"fluentd worker is now running worker=0"}
2017-02-23T01:26:19Z	fluent.info	{"worker":0,"message":"fluentd worker is now stopping worker=0"}
2017-02-23T01:26:52Z	fluent.info	{"worker":0,"message":"fluentd worker is now running worker=0"}
2017-02-23T01:29:45Z	fluent.info	{"message":"detected rotation of ./json.log"}
2017-02-23T01:29:45Z	fluent.info	{"message":"following tail of ./json.log"}
2017-02-23T01:31:15Z	fluent.info	{"message":"detected rotation of ./app.log"}
2017-02-23T01:31:15Z	fluent.info	{"message":"following tail of ./app.log"}
2017-02-23T01:31:18Z	my.text	{"name":"[ajit]"}
2017-02-23T01:31:18Z	my.text	{"name":"[ajit]"}
2017-02-23T01:31:18Z	my.text	{"name":"[ajit]"}
2017-02-23T08:19:48Z	fluent.info	{"worker":0,"message":"fluentd worker is now stopping worker=0"}
2017-02-23T08:21:22Z	fluent.info	{"worker":0,"message":"fluentd worker is now running worker=0"}
2017-02-23T08:52:56Z	fluent.info	{"worker":0,"message":"fluentd worker is now running worker=0"}
2017-02-23T14:58:06Z	fluent.info	{"worker":0,"message":"fluentd worker is now running worker=0"}
2017-02-23T14:58:50Z	fluent.info	{"worker":0,"message":"fluentd worker is now stopping worker=0"}
